The system is: Linux - 4.4.0-112-generic - x86_64
Compiling the C compiler identification source file "CMakeCCompilerId.c" succeeded.
Compiler: /usr/bin/cc 
Build flags: 
Id flags: 

The output was:
0


Compilation of the C compiler identification source "CMakeCCompilerId.c" produced "a.out"

The C compiler identification is GNU, found in "/home/student/hw-clfische/hw2/hw2-check/CMakeFiles/3.5.1/CompilerIdC/a.out"

Compiling the CXX compiler identification source file "CMakeCXXCompilerId.cpp" succeeded.
Compiler: /usr/bin/c++ 
Build flags: 
Id flags: 

The output was:
0


Compilation of the CXX compiler identification source "CMakeCXXCompilerId.cpp" produced "a.out"

The CXX compiler identification is GNU, found in "/home/student/hw-clfische/hw2/hw2-check/CMakeFiles/3.5.1/CompilerIdCXX/a.out"

Determining if the C compiler works passed with the following output:
Change Dir: /home/student/hw-clfische/hw2/hw2-check/CMakeFiles/CMakeTmp

Run Build Command:"/usr/bin/make" "cmTC_51185/fast"
/usr/bin/make -f CMakeFiles/cmTC_51185.dir/build.make CMakeFiles/cmTC_51185.dir/build
make[1]: Entering directory '/home/student/hw-clfische/hw2/hw2-check/CMakeFiles/CMakeTmp'
Building C object CMakeFiles/cmTC_51185.dir/testCCompiler.c.o
/usr/bin/cc     -o CMakeFiles/cmTC_51185.dir/testCCompiler.c.o   -c /home/student/hw-clfische/hw2/hw2-check/CMakeFiles/CMakeTmp/testCCompiler.c
Linking C executable cmTC_51185
/usr/bin/cmake -E cmake_link_script CMakeFiles/cmTC_51185.dir/link.txt --verbose=1
/usr/bin/cc       CMakeFiles/cmTC_51185.dir/testCCompiler.c.o  -o cmTC_51185 -rdynamic 
make[1]: Leaving directory '/home/student/hw-clfische/hw2/hw2-check/CMakeFiles/CMakeTmp'


Detecting C compiler ABI info compiled with the following output:
Change Dir: /home/student/hw-clfische/hw2/hw2-check/CMakeFiles/CMakeTmp

Run Build Command:"/usr/bin/make" "cmTC_bb9e7/fast"
/usr/bin/make -f CMakeFiles/cmTC_bb9e7.dir/build.make CMakeFiles/cmTC_bb9e7.dir/build
make[1]: Entering directory '/home/student/hw-clfische/hw2/hw2-check/CMakeFiles/CMakeTmp'
Building C object CMakeFiles/cmTC_bb9e7.dir/CMakeCCompilerABI.c.o
/usr/bin/cc     -o CMakeFiles/cmTC_bb9e7.dir/CMakeCCompilerABI.c.o   -c /usr/share/cmake-3.5/Modules/CMakeCCompilerABI.c
Linking C executable cmTC_bb9e7
/usr/bin/cmake -E cmake_link_script CMakeFiles/cmTC_bb9e7.dir/link.txt --verbose=1
/usr/bin/cc      -v CMakeFiles/cmTC_bb9e7.dir/CMakeCCompilerABI.c.o  -o cmTC_bb9e7 -rdynamic  
Using built-in specs.
COLLECT_GCC=/usr/bin/cc
COLLECT_LTO_WRAPPER=/usr/lib/gcc/x86_64-linux-gnu/5/lto-wrapper
Target: x86_64-linux-gnu
Configured with: ../src/configure -v --with-pkgversion='Ubuntu 5.4.0-6ubuntu1~16.04.5' --with-bugurl=file:///usr/share/doc/gcc-5/README.Bugs --enable-languages=c,ada,c++,java,go,d,fortran,objc,obj-c++ --prefix=/usr --program-suffix=-5 --enable-shared --enable-linker-build-id --libexecdir=/usr/lib --without-included-gettext --enable-threads=posix --libdir=/usr/lib --enable-nls --with-sysroot=/ --enable-clocale=gnu --enable-libstdcxx-debug --enable-libstdcxx-time=yes --with-default-libstdcxx-abi=new --enable-gnu-unique-object --disable-vtable-verify --enable-libmpx --enable-plugin --with-system-zlib --disable-browser-plugin --enable-java-awt=gtk --enable-gtk-cairo --with-java-home=/usr/lib/jvm/java-1.5.0-gcj-5-amd64/jre --enable-java-home --with-jvm-root-dir=/usr/lib/jvm/java-1.5.0-gcj-5-amd64 --with-jvm-jar-dir=/usr/lib/jvm-exports/java-1.5.0-gcj-5-amd64 --with-arch-directory=amd64 --with-ecj-jar=/usr/share/java/eclipse-ecj.jar --enable-objc-gc --enable-multiarch --disable-werror --with-arch-32=i686 --with-abi=m64 --with-multilib-list=m32,m64,mx32 --enable-multilib --with-tune=generic --enable-checking=release --build=x86_64-linux-gnu --host=x86_64-linux-gnu --target=x86_64-linux-gnu
Thread model: posix
gcc version 5.4.0 20160609 (Ubuntu 5.4.0-6ubuntu1~16.04.5) 
COMPILER_PATH=/usr/lib/gcc/x86_64-linux-gnu/5/:/usr/lib/gcc/x86_64-linux-gnu/5/:/usr/lib/gcc/x86_64-linux-gnu/:/usr/lib/gcc/x86_64-linux-gnu/5/:/usr/lib/gcc/x86_64-linux-gnu/
LIBRARY_PATH=/usr/lib/gcc/x86_64-linux-gnu/5/:/usr/lib/gcc/x86_64-linux-gnu/5/../../../x86_64-linux-gnu/:/usr/lib/gcc/x86_64-linux-gnu/5/../../../../lib/:/lib/x86_64-linux-gnu/:/lib/../lib/:/usr/lib/x86_64-linux-gnu/:/usr/lib/../lib/:/usr/lib/gcc/x86_64-linux-gnu/5/../../../:/lib/:/usr/lib/
COLLECT_GCC_OPTIONS='-v' '-o' 'cmTC_bb9e7' '-rdynamic' '-mtune=generic' '-march=x86-64'
 /usr/lib/gcc/x86_64-linux-gnu/5/collect2 -plugin /usr/lib/gcc/x86_64-linux-gnu/5/liblto_plugin.so -plugin-opt=/usr/lib/gcc/x86_64-linux-gnu/5/lto-wrapper -plugin-opt=-fresolution=/tmp/ccMd4aVm.res -plugin-opt=-pass-through=-lgcc -plugin-opt=-pass-through=-lgcc_s -plugin-opt=-pass-through=-lc -plugin-opt=-pass-through=-lgcc -plugin-opt=-pass-through=-lgcc_s --sysroot=/ --build-id --eh-frame-hdr -m elf_x86_64 --hash-style=gnu --as-needed -export-dynamic -dynamic-linker /lib64/ld-linux-x86-64.so.2 -z relro -o cmTC_bb9e7 /usr/lib/gcc/x86_64-linux-gnu/5/../../../x86_64-linux-gnu/crt1.o /usr/lib/gcc/x86_64-linux-gnu/5/../../../x86_64-linux-gnu/crti.o /usr/lib/gcc/x86_64-linux-gnu/5/crtbegin.o -L/usr/lib/gcc/x86_64-linux-gnu/5 -L/usr/lib/gcc/x86_64-linux-gnu/5/../../../x86_64-linux-gnu -L/usr/lib/gcc/x86_64-linux-gnu/5/../../../../lib -L/lib/x86_64-linux-gnu -L/lib/../lib -L/usr/lib/x86_64-linux-gnu -L/usr/lib/../lib -L/usr/lib/gcc/x86_64-linux-gnu/5/../../.. CMakeFiles/cmTC_bb9e7.dir/CMakeCCompilerABI.c.o -lgcc --as-needed -lgcc_s --no-as-needed -lc -lgcc --as-needed -lgcc_s --no-as-needed /usr/lib/gcc/x86_64-linux-gnu/5/crtend.o /usr/lib/gcc/x86_64-linux-gnu/5/../../../x86_64-linux-gnu/crtn.o
make[1]: Leaving directory '/home/student/hw-clfische/hw2/hw2-check/CMakeFiles/CMakeTmp'


Parsed C implicit link information from above output:
  link line regex: [^( *|.*[/\])(ld|([^/\]+-)?ld|collect2)[^/\]*( |$)]
  ignore line: [Change Dir: /home/student/hw-clfische/hw2/hw2-check/CMakeFiles/CMakeTmp]
  ignore line: []
  ignore line: [Run Build Command:"/usr/bin/make" "cmTC_bb9e7/fast"]
  ignore line: [/usr/bin/make -f CMakeFiles/cmTC_bb9e7.dir/build.make CMakeFiles/cmTC_bb9e7.dir/build]
  ignore line: [make[1]: Entering directory '/home/student/hw-clfische/hw2/hw2-check/CMakeFiles/CMakeTmp']
  ignore line: [Building C object CMakeFiles/cmTC_bb9e7.dir/CMakeCCompilerABI.c.o]
  ignore line: [/usr/bin/cc     -o CMakeFiles/cmTC_bb9e7.dir/CMakeCCompilerABI.c.o   -c /usr/share/cmake-3.5/Modules/CMakeCCompilerABI.c]
  ignore line: [Linking C executable cmTC_bb9e7]
  ignore line: [/usr/bin/cmake -E cmake_link_script CMakeFiles/cmTC_bb9e7.dir/link.txt --verbose=1]
  ignore line: [/usr/bin/cc      -v CMakeFiles/cmTC_bb9e7.dir/CMakeCCompilerABI.c.o  -o cmTC_bb9e7 -rdynamic  ]
  ignore line: [Using built-in specs.]
  ignore line: [COLLECT_GCC=/usr/bin/cc]
  ignore line: [COLLECT_LTO_WRAPPER=/usr/lib/gcc/x86_64-linux-gnu/5/lto-wrapper]
  ignore line: [Target: x86_64-linux-gnu]
  ignore line: [Configured with: ../src/configure -v --with-pkgversion='Ubuntu 5.4.0-6ubuntu1~16.04.5' --with-bugurl=file:///usr/share/doc/gcc-5/README.Bugs --enable-languages=c,ada,c++,java,go,d,fortran,objc,obj-c++ --prefix=/usr --program-suffix=-5 --enable-shared --enable-linker-build-id --libexecdir=/usr/lib --without-included-gettext --enable-threads=posix --libdir=/usr/lib --enable-nls --with-sysroot=/ --enable-clocale=gnu --enable-libstdcxx-debug --enable-libstdcxx-time=yes --with-default-libstdcxx-abi=new --enable-gnu-unique-object --disable-vtable-verify --enable-libmpx --enable-plugin --with-system-zlib --disable-browser-plugin --enable-java-awt=gtk --enable-gtk-cairo --with-java-home=/usr/lib/jvm/java-1.5.0-gcj-5-amd64/jre --enable-java-home --with-jvm-root-dir=/usr/lib/jvm/java-1.5.0-gcj-5-amd64 --with-jvm-jar-dir=/usr/lib/jvm-exports/java-1.5.0-gcj-5-amd64 --with-arch-directory=amd64 --with-ecj-jar=/usr/share/java/eclipse-ecj.jar --enable-objc-gc --enable-multiarch --disable-werror --with-arch-32=i686 --with-abi=m64 --with-multilib-list=m32,m64,mx32 --enable-multilib --with-tune=generic --enable-checking=release --build=x86_64-linux-gnu --host=x86_64-linux-gnu --target=x86_64-linux-gnu]
  ignore line: [Thread model: posix]
  ignore line: [gcc version 5.4.0 20160609 (Ubuntu 5.4.0-6ubuntu1~16.04.5) ]
  ignore line: [COMPILER_PATH=/usr/lib/gcc/x86_64-linux-gnu/5/:/usr/lib/gcc/x86_64-linux-gnu/5/:/usr/lib/gcc/x86_64-linux-gnu/:/usr/lib/gcc/x86_64-linux-gnu/5/:/usr/lib/gcc/x86_64-linux-gnu/]
  ignore line: [LIBRARY_PATH=/usr/lib/gcc/x86_64-linux-gnu/5/:/usr/lib/gcc/x86_64-linux-gnu/5/../../../x86_64-linux-gnu/:/usr/lib/gcc/x86_64-linux-gnu/5/../../../../lib/:/lib/x86_64-linux-gnu/:/lib/../lib/:/usr/lib/x86_64-linux-gnu/:/usr/lib/../lib/:/usr/lib/gcc/x86_64-linux-gnu/5/../../../:/lib/:/usr/lib/]
  ignore line: [COLLECT_GCC_OPTIONS='-v' '-o' 'cmTC_bb9e7' '-rdynamic' '-mtune=generic' '-march=x86-64']
  link line: [ /usr/lib/gcc/x86_64-linux-gnu/5/collect2 -plugin /usr/lib/gcc/x86_64-linux-gnu/5/liblto_plugin.so -plugin-opt=/usr/lib/gcc/x86_64-linux-gnu/5/lto-wrapper -plugin-opt=-fresolution=/tmp/ccMd4aVm.res -plugin-opt=-pass-through=-lgcc -plugin-opt=-pass-through=-lgcc_s -plugin-opt=-pass-through=-lc -plugin-opt=-pass-through=-lgcc -plugin-opt=-pass-through=-lgcc_s --sysroot=/ --build-id --eh-frame-hdr -m elf_x86_64 --hash-style=gnu --as-needed -export-dynamic -dynamic-linker /lib64/ld-linux-x86-64.so.2 -z relro -o cmTC_bb9e7 /usr/lib/gcc/x86_64-linux-gnu/5/../../../x86_64-linux-gnu/crt1.o /usr/lib/gcc/x86_64-linux-gnu/5/../../../x86_64-linux-gnu/crti.o /usr/lib/gcc/x86_64-linux-gnu/5/crtbegin.o -L/usr/lib/gcc/x86_64-linux-gnu/5 -L/usr/lib/gcc/x86_64-linux-gnu/5/../../../x86_64-linux-gnu -L/usr/lib/gcc/x86_64-linux-gnu/5/../../../../lib -L/lib/x86_64-linux-gnu -L/lib/../lib -L/usr/lib/x86_64-linux-gnu -L/usr/lib/../lib -L/usr/lib/gcc/x86_64-linux-gnu/5/../../.. CMakeFiles/cmTC_bb9e7.dir/CMakeCCompilerABI.c.o -lgcc --as-needed -lgcc_s --no-as-needed -lc -lgcc --as-needed -lgcc_s --no-as-needed /usr/lib/gcc/x86_64-linux-gnu/5/crtend.o /usr/lib/gcc/x86_64-linux-gnu/5/../../../x86_64-linux-gnu/crtn.o]
    arg [/usr/lib/gcc/x86_64-linux-gnu/5/collect2] ==> ignore
    arg [-plugin] ==> ignore
    arg [/usr/lib/gcc/x86_64-linux-gnu/5/liblto_plugin.so] ==> ignore
    arg [-plugin-opt=/usr/lib/gcc/x86_64-linux-gnu/5/lto-wrapper] ==> ignore
    arg [-plugin-opt=-fresolution=/tmp/ccMd4aVm.res] ==> ignore
    arg [-plugin-opt=-pass-through=-lgcc] ==> ignore
    arg [-plugin-opt=-pass-through=-lgcc_s] ==> ignore
    arg [-plugin-opt=-pass-through=-lc] ==> ignore
    arg [-plugin-opt=-pass-through=-lgcc] ==> ignore
    arg [-plugin-opt=-pass-through=-lgcc_s] ==> ignore
    arg [--sysroot=/] ==> ignore
    arg [--build-id] ==> ignore
    arg [--eh-frame-hdr] ==> ignore
    arg [-m] ==> ignore
    arg [elf_x86_64] ==> ignore
    arg [--hash-style=gnu] ==> ignore
    arg [--as-needed] ==> ignore
    arg [-export-dynamic] ==> ignore
    arg [-dynamic-linker] ==> ignore
    arg [/lib64/ld-linux-x86-64.so.2] ==> ignore
    arg [-zrelro] ==> ignore
    arg [-o] ==> ignore
    arg [cmTC_bb9e7] ==> ignore
    arg [/usr/lib/gcc/x86_64-linux-gnu/5/../../../x86_64-linux-gnu/crt1.o] ==> ignore
    arg [/usr/lib/gcc/x86_64-linux-gnu/5/../../../x86_64-linux-gnu/crti.o] ==> ignore
    arg [/usr/lib/gcc/x86_64-linux-gnu/5/crtbegin.o] ==> ignore
    arg [-L/usr/lib/gcc/x86_64-linux-gnu/5] ==> dir [/usr/lib/gcc/x86_64-linux-gnu/5]
    arg [-L/usr/lib/gcc/x86_64-linux-gnu/5/../../../x86_64-linux-gnu] ==> dir [/usr/lib/gcc/x86_64-linux-gnu/5/../../../x86_64-linux-gnu]
    arg [-L/usr/lib/gcc/x86_64-linux-gnu/5/../../../../lib] ==> dir [/usr/lib/gcc/x86_64-linux-gnu/5/../../../../lib]
    arg [-L/lib/x86_64-linux-gnu] ==> dir [/lib/x86_64-linux-gnu]
    arg [-L/lib/../lib] ==> dir [/lib/../lib]
    arg [-L/usr/lib/x86_64-linux-gnu] ==> dir [/usr/lib/x86_64-linux-gnu]
    arg [-L/usr/lib/../lib] ==> dir [/usr/lib/../lib]
    arg [-L/usr/lib/gcc/x86_64-linux-gnu/5/../../..] ==> dir [/usr/lib/gcc/x86_64-linux-gnu/5/../../..]
    arg [CMakeFiles/cmTC_bb9e7.dir/CMakeCCompilerABI.c.o] ==> ignore
    arg [-lgcc] ==> lib [gcc]
    arg [--as-needed] ==> ignore
    arg [-lgcc_s] ==> lib [gcc_s]
    arg [--no-as-needed] ==> ignore
    arg [-lc] ==> lib [c]
    arg [-lgcc] ==> lib [gcc]
    arg [--as-needed] ==> ignore
    arg [-lgcc_s] ==> lib [gcc_s]
    arg [--no-as-needed] ==> ignore
    arg [/usr/lib/gcc/x86_64-linux-gnu/5/crtend.o] ==> ignore
    arg [/usr/lib/gcc/x86_64-linux-gnu/5/../../../x86_64-linux-gnu/crtn.o] ==> ignore
  remove lib [gcc]
  remove lib [gcc_s]
  remove lib [gcc]
  remove lib [gcc_s]
  collapse library dir [/usr/lib/gcc/x86_64-linux-gnu/5] ==> [/usr/lib/gcc/x86_64-linux-gnu/5]
  collapse library dir [/usr/lib/gcc/x86_64-linux-gnu/5/../../../x86_64-linux-gnu] ==> [/usr/lib/x86_64-linux-gnu]
  collapse library dir [/usr/lib/gcc/x86_64-linux-gnu/5/../../../../lib] ==> [/usr/lib]
  collapse library dir [/lib/x86_64-linux-gnu] ==> [/lib/x86_64-linux-gnu]
  collapse library dir [/lib/../lib] ==> [/lib]
  collapse library dir [/usr/lib/x86_64-linux-gnu] ==> [/usr/lib/x86_64-linux-gnu]
  collapse library dir [/usr/lib/../lib] ==> [/usr/lib]
  collapse library dir [/usr/lib/gcc/x86_64-linux-gnu/5/../../..] ==> [/usr/lib]
  implicit libs: [c]
  implicit dirs: [/usr/lib/gcc/x86_64-linux-gnu/5;/usr/lib/x86_64-linux-gnu;/usr/lib;/lib/x86_64-linux-gnu;/lib]
  implicit fwks: []




Detecting C [-std=c11] compiler features compiled with the following output:
Change Dir: /home/student/hw-clfische/hw2/hw2-check/CMakeFiles/CMakeTmp

Run Build Command:"/usr/bin/make" "cmTC_898f9/fast"
/usr/bin/make -f CMakeFiles/cmTC_898f9.dir/build.make CMakeFiles/cmTC_898f9.dir/build
make[1]: Entering directory '/home/student/hw-clfische/hw2/hw2-check/CMakeFiles/CMakeTmp'
Building C object CMakeFiles/cmTC_898f9.dir/feature_tests.c.o
/usr/bin/cc    -std=c11 -o CMakeFiles/cmTC_898f9.dir/feature_tests.c.o   -c /home/student/hw-clfische/hw2/hw2-check/CMakeFiles/feature_tests.c
Linking C executable cmTC_898f9
/usr/bin/cmake -E cmake_link_script CMakeFiles/cmTC_898f9.dir/link.txt --verbose=1
/usr/bin/cc       CMakeFiles/cmTC_898f9.dir/feature_tests.c.o  -o cmTC_898f9 -rdynamic 
make[1]: Leaving directory '/home/student/hw-clfische/hw2/hw2-check/CMakeFiles/CMakeTmp'


    Feature record: C_FEATURE:1c_function_prototypes
    Feature record: C_FEATURE:1c_restrict
    Feature record: C_FEATURE:1c_static_assert
    Feature record: C_FEATURE:1c_variadic_macros


Detecting C [-std=c99] compiler features compiled with the following output:
Change Dir: /home/student/hw-clfische/hw2/hw2-check/CMakeFiles/CMakeTmp

Run Build Command:"/usr/bin/make" "cmTC_8e018/fast"
/usr/bin/make -f CMakeFiles/cmTC_8e018.dir/build.make CMakeFiles/cmTC_8e018.dir/build
make[1]: Entering directory '/home/student/hw-clfische/hw2/hw2-check/CMakeFiles/CMakeTmp'
Building C object CMakeFiles/cmTC_8e018.dir/feature_tests.c.o
/usr/bin/cc    -std=c99 -o CMakeFiles/cmTC_8e018.dir/feature_tests.c.o   -c /home/student/hw-clfische/hw2/hw2-check/CMakeFiles/feature_tests.c
Linking C executable cmTC_8e018
/usr/bin/cmake -E cmake_link_script CMakeFiles/cmTC_8e018.dir/link.txt --verbose=1
/usr/bin/cc       CMakeFiles/cmTC_8e018.dir/feature_tests.c.o  -o cmTC_8e018 -rdynamic 
make[1]: Leaving directory '/home/student/hw-clfische/hw2/hw2-check/CMakeFiles/CMakeTmp'


    Feature record: C_FEATURE:1c_function_prototypes
    Feature record: C_FEATURE:1c_restrict
    Feature record: C_FEATURE:0c_static_assert
    Feature record: C_FEATURE:1c_variadic_macros


Detecting C [-std=c90] compiler features compiled with the following output:
Change Dir: /home/student/hw-clfische/hw2/hw2-check/CMakeFiles/CMakeTmp

Run Build Command:"/usr/bin/make" "cmTC_65cfa/fast"
/usr/bin/make -f CMakeFiles/cmTC_65cfa.dir/build.make CMakeFiles/cmTC_65cfa.dir/build
make[1]: Entering directory '/home/student/hw-clfische/hw2/hw2-check/CMakeFiles/CMakeTmp'
Building C object CMakeFiles/cmTC_65cfa.dir/feature_tests.c.o
/usr/bin/cc    -std=c90 -o CMakeFiles/cmTC_65cfa.dir/feature_tests.c.o   -c /home/student/hw-clfische/hw2/hw2-check/CMakeFiles/feature_tests.c
Linking C executable cmTC_65cfa
/usr/bin/cmake -E cmake_link_script CMakeFiles/cmTC_65cfa.dir/link.txt --verbose=1
/usr/bin/cc       CMakeFiles/cmTC_65cfa.dir/feature_tests.c.o  -o cmTC_65cfa -rdynamic 
make[1]: Leaving directory '/home/student/hw-clfische/hw2/hw2-check/CMakeFiles/CMakeTmp'


    Feature record: C_FEATURE:1c_function_prototypes
    Feature record: C_FEATURE:0c_restrict
    Feature record: C_FEATURE:0c_static_assert
    Feature record: C_FEATURE:0c_variadic_macros
Determining if the CXX compiler works passed with the following output:
Change Dir: /home/student/hw-clfische/hw2/hw2-check/CMakeFiles/CMakeTmp

Run Build Command:"/usr/bin/make" "cmTC_5ccf4/fast"
/usr/bin/make -f CMakeFiles/cmTC_5ccf4.dir/build.make CMakeFiles/cmTC_5ccf4.dir/build
make[1]: Entering directory '/home/student/hw-clfische/hw2/hw2-check/CMakeFiles/CMakeTmp'
Building CXX object CMakeFiles/cmTC_5ccf4.dir/testCXXCompiler.cxx.o
/usr/bin/c++      -o CMakeFiles/cmTC_5ccf4.dir/testCXXCompiler.cxx.o -c /home/student/hw-clfische/hw2/hw2-check/CMakeFiles/CMakeTmp/testCXXCompiler.cxx
Linking CXX executable cmTC_5ccf4
/usr/bin/cmake -E cmake_link_script CMakeFiles/cmTC_5ccf4.dir/link.txt --verbose=1
/usr/bin/c++        CMakeFiles/cmTC_5ccf4.dir/testCXXCompiler.cxx.o  -o cmTC_5ccf4 -rdynamic 
make[1]: Leaving directory '/home/student/hw-clfische/hw2/hw2-check/CMakeFiles/CMakeTmp'


Detecting CXX compiler ABI info compiled with the following output:
Change Dir: /home/student/hw-clfische/hw2/hw2-check/CMakeFiles/CMakeTmp

Run Build Command:"/usr/bin/make" "cmTC_c7939/fast"
/usr/bin/make -f CMakeFiles/cmTC_c7939.dir/build.make CMakeFiles/cmTC_c7939.dir/build
make[1]: Entering directory '/home/student/hw-clfische/hw2/hw2-check/CMakeFiles/CMakeTmp'
Building CXX object CMakeFiles/cmTC_c7939.dir/CMakeCXXCompilerABI.cpp.o
/usr/bin/c++      -o CMakeFiles/cmTC_c7939.dir/CMakeCXXCompilerABI.cpp.o -c /usr/share/cmake-3.5/Modules/CMakeCXXCompilerABI.cpp
Linking CXX executable cmTC_c7939
/usr/bin/cmake -E cmake_link_script CMakeFiles/cmTC_c7939.dir/link.txt --verbose=1
/usr/bin/c++       -v CMakeFiles/cmTC_c7939.dir/CMakeCXXCompilerABI.cpp.o  -o cmTC_c7939 -rdynamic  
Using built-in specs.
COLLECT_GCC=/usr/bin/c++
COLLECT_LTO_WRAPPER=/usr/lib/gcc/x86_64-linux-gnu/5/lto-wrapper
Target: x86_64-linux-gnu
Configured with: ../src/configure -v --with-pkgversion='Ubuntu 5.4.0-6ubuntu1~16.04.5' --with-bugurl=file:///usr/share/doc/gcc-5/README.Bugs --enable-languages=c,ada,c++,java,go,d,fortran,objc,obj-c++ --prefix=/usr --program-suffix=-5 --enable-shared --enable-linker-build-id --libexecdir=/usr/lib --without-included-gettext --enable-threads=posix --libdir=/usr/lib --enable-nls --with-sysroot=/ --enable-clocale=gnu --enable-libstdcxx-debug --enable-libstdcxx-time=yes --with-default-libstdcxx-abi=new --enable-gnu-unique-object --disable-vtable-verify --enable-libmpx --enable-plugin --with-system-zlib --disable-browser-plugin --enable-java-awt=gtk --enable-gtk-cairo --with-java-home=/usr/lib/jvm/java-1.5.0-gcj-5-amd64/jre --enable-java-home --with-jvm-root-dir=/usr/lib/jvm/java-1.5.0-gcj-5-amd64 --with-jvm-jar-dir=/usr/lib/jvm-exports/java-1.5.0-gcj-5-amd64 --with-arch-directory=amd64 --with-ecj-jar=/usr/share/java/eclipse-ecj.jar --enable-objc-gc --enable-multiarch --disable-werror --with-arch-32=i686 --with-abi=m64 --with-multilib-list=m32,m64,mx32 --enable-multilib --with-tune=generic --enable-checking=release --build=x86_64-linux-gnu --host=x86_64-linux-gnu --target=x86_64-linux-gnu
Thread model: posix
gcc version 5.4.0 20160609 (Ubuntu 5.4.0-6ubuntu1~16.04.5) 
COMPILER_PATH=/usr/lib/gcc/x86_64-linux-gnu/5/:/usr/lib/gcc/x86_64-linux-gnu/5/:/usr/lib/gcc/x86_64-linux-gnu/:/usr/lib/gcc/x86_64-linux-gnu/5/:/usr/lib/gcc/x86_64-linux-gnu/
LIBRARY_PATH=/usr/lib/gcc/x86_64-linux-gnu/5/:/usr/lib/gcc/x86_64-linux-gnu/5/../../../x86_64-linux-gnu/:/usr/lib/gcc/x86_64-linux-gnu/5/../../../../lib/:/lib/x86_64-linux-gnu/:/lib/../lib/:/usr/lib/x86_64-linux-gnu/:/usr/lib/../lib/:/usr/lib/gcc/x86_64-linux-gnu/5/../../../:/lib/:/usr/lib/
COLLECT_GCC_OPTIONS='-v' '-o' 'cmTC_c7939' '-rdynamic' '-shared-libgcc' '-mtune=generic' '-march=x86-64'
 /usr/lib/gcc/x86_64-linux-gnu/5/collect2 -plugin /usr/lib/gcc/x86_64-linux-gnu/5/liblto_plugin.so -plugin-opt=/usr/lib/gcc/x86_64-linux-gnu/5/lto-wrapper -plugin-opt=-fresolution=/tmp/cc2Ck4yH.res -plugin-opt=-pass-through=-lgcc_s -plugin-opt=-pass-through=-lgcc -plugin-opt=-pass-through=-lc -plugin-opt=-pass-through=-lgcc_s -plugin-opt=-pass-through=-lgcc --sysroot=/ --build-id --eh-frame-hdr -m elf_x86_64 --hash-style=gnu --as-needed -export-dynamic -dynamic-linker /lib64/ld-linux-x86-64.so.2 -z relro -o cmTC_c7939 /usr/lib/gcc/x86_64-linux-gnu/5/../../../x86_64-linux-gnu/crt1.o /usr/lib/gcc/x86_64-linux-gnu/5/../../../x86_64-linux-gnu/crti.o /usr/lib/gcc/x86_64-linux-gnu/5/crtbegin.o -L/usr/lib/gcc/x86_64-linux-gnu/5 -L/usr/lib/gcc/x86_64-linux-gnu/5/../../../x86_64-linux-gnu -L/usr/lib/gcc/x86_64-linux-gnu/5/../../../../lib -L/lib/x86_64-linux-gnu -L/lib/../lib -L/usr/lib/x86_64-linux-gnu -L/usr/lib/../lib -L/usr/lib/gcc/x86_64-linux-gnu/5/../../.. CMakeFiles/cmTC_c7939.dir/CMakeCXXCompilerABI.cpp.o -lstdc++ -lm -lgcc_s -lgcc -lc -lgcc_s -lgcc /usr/lib/gcc/x86_64-linux-gnu/5/crtend.o /usr/lib/gcc/x86_64-linux-gnu/5/../../../x86_64-linux-gnu/crtn.o
make[1]: Leaving directory '/home/student/hw-clfische/hw2/hw2-check/CMakeFiles/CMakeTmp'


Parsed CXX implicit link information from above output:
  link line regex: [^( *|.*[/\])(ld|([^/\]+-)?ld|collect2)[^/\]*( |$)]
  ignore line: [Change Dir: /home/student/hw-clfische/hw2/hw2-check/CMakeFiles/CMakeTmp]
  ignore line: []
  ignore line: [Run Build Command:"/usr/bin/make" "cmTC_c7939/fast"]
  ignore line: [/usr/bin/make -f CMakeFiles/cmTC_c7939.dir/build.make CMakeFiles/cmTC_c7939.dir/build]
  ignore line: [make[1]: Entering directory '/home/student/hw-clfische/hw2/hw2-check/CMakeFiles/CMakeTmp']
  ignore line: [Building CXX object CMakeFiles/cmTC_c7939.dir/CMakeCXXCompilerABI.cpp.o]
  ignore line: [/usr/bin/c++      -o CMakeFiles/cmTC_c7939.dir/CMakeCXXCompilerABI.cpp.o -c /usr/share/cmake-3.5/Modules/CMakeCXXCompilerABI.cpp]
  ignore line: [Linking CXX executable cmTC_c7939]
  ignore line: [/usr/bin/cmake -E cmake_link_script CMakeFiles/cmTC_c7939.dir/link.txt --verbose=1]
  ignore line: [/usr/bin/c++       -v CMakeFiles/cmTC_c7939.dir/CMakeCXXCompilerABI.cpp.o  -o cmTC_c7939 -rdynamic  ]
  ignore line: [Using built-in specs.]
  ignore line: [COLLECT_GCC=/usr/bin/c++]
  ignore line: [COLLECT_LTO_WRAPPER=/usr/lib/gcc/x86_64-linux-gnu/5/lto-wrapper]
  ignore line: [Target: x86_64-linux-gnu]
  ignore line: [Configured with: ../src/configure -v --with-pkgversion='Ubuntu 5.4.0-6ubuntu1~16.04.5' --with-bugurl=file:///usr/share/doc/gcc-5/README.Bugs --enable-languages=c,ada,c++,java,go,d,fortran,objc,obj-c++ --prefix=/usr --program-suffix=-5 --enable-shared --enable-linker-build-id --libexecdir=/usr/lib --without-included-gettext --enable-threads=posix --libdir=/usr/lib --enable-nls --with-sysroot=/ --enable-clocale=gnu --enable-libstdcxx-debug --enable-libstdcxx-time=yes --with-default-libstdcxx-abi=new --enable-gnu-unique-object --disable-vtable-verify --enable-libmpx --enable-plugin --with-system-zlib --disable-browser-plugin --enable-java-awt=gtk --enable-gtk-cairo --with-java-home=/usr/lib/jvm/java-1.5.0-gcj-5-amd64/jre --enable-java-home --with-jvm-root-dir=/usr/lib/jvm/java-1.5.0-gcj-5-amd64 --with-jvm-jar-dir=/usr/lib/jvm-exports/java-1.5.0-gcj-5-amd64 --with-arch-directory=amd64 --with-ecj-jar=/usr/share/java/eclipse-ecj.jar --enable-objc-gc --enable-multiarch --disable-werror --with-arch-32=i686 --with-abi=m64 --with-multilib-list=m32,m64,mx32 --enable-multilib --with-tune=generic --enable-checking=release --build=x86_64-linux-gnu --host=x86_64-linux-gnu --target=x86_64-linux-gnu]
  ignore line: [Thread model: posix]
  ignore line: [gcc version 5.4.0 20160609 (Ubuntu 5.4.0-6ubuntu1~16.04.5) ]
  ignore line: [COMPILER_PATH=/usr/lib/gcc/x86_64-linux-gnu/5/:/usr/lib/gcc/x86_64-linux-gnu/5/:/usr/lib/gcc/x86_64-linux-gnu/:/usr/lib/gcc/x86_64-linux-gnu/5/:/usr/lib/gcc/x86_64-linux-gnu/]
  ignore line: [LIBRARY_PATH=/usr/lib/gcc/x86_64-linux-gnu/5/:/usr/lib/gcc/x86_64-linux-gnu/5/../../../x86_64-linux-gnu/:/usr/lib/gcc/x86_64-linux-gnu/5/../../../../lib/:/lib/x86_64-linux-gnu/:/lib/../lib/:/usr/lib/x86_64-linux-gnu/:/usr/lib/../lib/:/usr/lib/gcc/x86_64-linux-gnu/5/../../../:/lib/:/usr/lib/]
  ignore line: [COLLECT_GCC_OPTIONS='-v' '-o' 'cmTC_c7939' '-rdynamic' '-shared-libgcc' '-mtune=generic' '-march=x86-64']
  link line: [ /usr/lib/gcc/x86_64-linux-gnu/5/collect2 -plugin /usr/lib/gcc/x86_64-linux-gnu/5/liblto_plugin.so -plugin-opt=/usr/lib/gcc/x86_64-linux-gnu/5/lto-wrapper -plugin-opt=-fresolution=/tmp/cc2Ck4yH.res -plugin-opt=-pass-through=-lgcc_s -plugin-opt=-pass-through=-lgcc -plugin-opt=-pass-through=-lc -plugin-opt=-pass-through=-lgcc_s -plugin-opt=-pass-through=-lgcc --sysroot=/ --build-id --eh-frame-hdr -m elf_x86_64 --hash-style=gnu --as-needed -export-dynamic -dynamic-linker /lib64/ld-linux-x86-64.so.2 -z relro -o cmTC_c7939 /usr/lib/gcc/x86_64-linux-gnu/5/../../../x86_64-linux-gnu/crt1.o /usr/lib/gcc/x86_64-linux-gnu/5/../../../x86_64-linux-gnu/crti.o /usr/lib/gcc/x86_64-linux-gnu/5/crtbegin.o -L/usr/lib/gcc/x86_64-linux-gnu/5 -L/usr/lib/gcc/x86_64-linux-gnu/5/../../../x86_64-linux-gnu -L/usr/lib/gcc/x86_64-linux-gnu/5/../../../../lib -L/lib/x86_64-linux-gnu -L/lib/../lib -L/usr/lib/x86_64-linux-gnu -L/usr/lib/../lib -L/usr/lib/gcc/x86_64-linux-gnu/5/../../.. CMakeFiles/cmTC_c7939.dir/CMakeCXXCompilerABI.cpp.o -lstdc++ -lm -lgcc_s -lgcc -lc -lgcc_s -lgcc /usr/lib/gcc/x86_64-linux-gnu/5/crtend.o /usr/lib/gcc/x86_64-linux-gnu/5/../../../x86_64-linux-gnu/crtn.o]
    arg [/usr/lib/gcc/x86_64-linux-gnu/5/collect2] ==> ignore
    arg [-plugin] ==> ignore
    arg [/usr/lib/gcc/x86_64-linux-gnu/5/liblto_plugin.so] ==> ignore
    arg [-plugin-opt=/usr/lib/gcc/x86_64-linux-gnu/5/lto-wrapper] ==> ignore
    arg [-plugin-opt=-fresolution=/tmp/cc2Ck4yH.res] ==> ignore
    arg [-plugin-opt=-pass-through=-lgcc_s] ==> ignore
    arg [-plugin-opt=-pass-through=-lgcc] ==> ignore
    arg [-plugin-opt=-pass-through=-lc] ==> ignore
    arg [-plugin-opt=-pass-through=-lgcc_s] ==> ignore
    arg [-plugin-opt=-pass-through=-lgcc] ==> ignore
    arg [--sysroot=/] ==> ignore
    arg [--build-id] ==> ignore
    arg [--eh-frame-hdr] ==> ignore
    arg [-m] ==> ignore
    arg [elf_x86_64] ==> ignore
    arg [--hash-style=gnu] ==> ignore
    arg [--as-needed] ==> ignore
    arg [-export-dynamic] ==> ignore
    arg [-dynamic-linker] ==> ignore
    arg [/lib64/ld-linux-x86-64.so.2] ==> ignore
    arg [-zrelro] ==> ignore
    arg [-o] ==> ignore
    arg [cmTC_c7939] ==> ignore
    arg [/usr/lib/gcc/x86_64-linux-gnu/5/../../../x86_64-linux-gnu/crt1.o] ==> ignore
    arg [/usr/lib/gcc/x86_64-linux-gnu/5/../../../x86_64-linux-gnu/crti.o] ==> ignore
    arg [/usr/lib/gcc/x86_64-linux-gnu/5/crtbegin.o] ==> ignore
    arg [-L/usr/lib/gcc/x86_64-linux-gnu/5] ==> dir [/usr/lib/gcc/x86_64-linux-gnu/5]
    arg [-L/usr/lib/gcc/x86_64-linux-gnu/5/../../../x86_64-linux-gnu] ==> dir [/usr/lib/gcc/x86_64-linux-gnu/5/../../../x86_64-linux-gnu]
    arg [-L/usr/lib/gcc/x86_64-linux-gnu/5/../../../../lib] ==> dir [/usr/lib/gcc/x86_64-linux-gnu/5/../../../../lib]
    arg [-L/lib/x86_64-linux-gnu] ==> dir [/lib/x86_64-linux-gnu]
    arg [-L/lib/../lib] ==> dir [/lib/../lib]
    arg [-L/usr/lib/x86_64-linux-gnu] ==> dir [/usr/lib/x86_64-linux-gnu]
    arg [-L/usr/lib/../lib] ==> dir [/usr/lib/../lib]
    arg [-L/usr/lib/gcc/x86_64-linux-gnu/5/../../..] ==> dir [/usr/lib/gcc/x86_64-linux-gnu/5/../../..]
    arg [CMakeFiles/cmTC_c7939.dir/CMakeCXXCompilerABI.cpp.o] ==> ignore
    arg [-lstdc++] ==> lib [stdc++]
    arg [-lm] ==> lib [m]
    arg [-lgcc_s] ==> lib [gcc_s]
    arg [-lgcc] ==> lib [gcc]
    arg [-lc] ==> lib [c]
    arg [-lgcc_s] ==> lib [gcc_s]
    arg [-lgcc] ==> lib [gcc]
    arg [/usr/lib/gcc/x86_64-linux-gnu/5/crtend.o] ==> ignore
    arg [/usr/lib/gcc/x86_64-linux-gnu/5/../../../x86_64-linux-gnu/crtn.o] ==> ignore
  remove lib [gcc_s]
  remove lib [gcc]
  remove lib [gcc_s]
  remove lib [gcc]
  collapse library dir [/usr/lib/gcc/x86_64-linux-gnu/5] ==> [/usr/lib/gcc/x86_64-linux-gnu/5]
  collapse library dir [/usr/lib/gcc/x86_64-linux-gnu/5/../../../x86_64-linux-gnu] ==> [/usr/lib/x86_64-linux-gnu]
  collapse library dir [/usr/lib/gcc/x86_64-linux-gnu/5/../../../../lib] ==> [/usr/lib]
  collapse library dir [/lib/x86_64-linux-gnu] ==> [/lib/x86_64-linux-gnu]
  collapse library dir [/lib/../lib] ==> [/lib]
  collapse library dir [/usr/lib/x86_64-linux-gnu] ==> [/usr/lib/x86_64-linux-gnu]
  collapse library dir [/usr/lib/../lib] ==> [/usr/lib]
  collapse library dir [/usr/lib/gcc/x86_64-linux-gnu/5/../../..] ==> [/usr/lib]
  implicit libs: [stdc++;m;c]
  implicit dirs: [/usr/lib/gcc/x86_64-linux-gnu/5;/usr/lib/x86_64-linux-gnu;/usr/lib;/lib/x86_64-linux-gnu;/lib]
  implicit fwks: []




Detecting CXX [-std=c++14] compiler features compiled with the following output:
Change Dir: /home/student/hw-clfische/hw2/hw2-check/CMakeFiles/CMakeTmp

Run Build Command:"/usr/bin/make" "cmTC_fabfc/fast"
/usr/bin/make -f CMakeFiles/cmTC_fabfc.dir/build.make CMakeFiles/cmTC_fabfc.dir/build
make[1]: Entering directory '/home/student/hw-clfische/hw2/hw2-check/CMakeFiles/CMakeTmp'
Building CXX object CMakeFiles/cmTC_fabfc.dir/feature_tests.cxx.o
/usr/bin/c++     -std=c++14 -o CMakeFiles/cmTC_fabfc.dir/feature_tests.cxx.o -c /home/student/hw-clfische/hw2/hw2-check/CMakeFiles/feature_tests.cxx
Linking CXX executable cmTC_fabfc
/usr/bin/cmake -E cmake_link_script CMakeFiles/cmTC_fabfc.dir/link.txt --verbose=1
/usr/bin/c++        CMakeFiles/cmTC_fabfc.dir/feature_tests.cxx.o  -o cmTC_fabfc -rdynamic 
make[1]: Leaving directory '/home/student/hw-clfische/hw2/hw2-check/CMakeFiles/CMakeTmp'


    Feature record: CXX_FEATURE:1cxx_aggregate_default_initializers
    Feature record: CXX_FEATURE:1cxx_alias_templates
    Feature record: CXX_FEATURE:1cxx_alignas
    Feature record: CXX_FEATURE:1cxx_alignof
    Feature record: CXX_FEATURE:1cxx_attributes
    Feature record: CXX_FEATURE:1cxx_attribute_deprecated
    Feature record: CXX_FEATURE:1cxx_auto_type
    Feature record: CXX_FEATURE:1cxx_binary_literals
    Feature record: CXX_FEATURE:1cxx_constexpr
    Feature record: CXX_FEATURE:1cxx_contextual_conversions
    Feature record: CXX_FEATURE:1cxx_decltype
    Feature record: CXX_FEATURE:1cxx_decltype_auto
    Feature record: CXX_FEATURE:1cxx_decltype_incomplete_return_types
    Feature record: CXX_FEATURE:1cxx_default_function_template_args
    Feature record: CXX_FEATURE:1cxx_defaulted_functions
    Feature record: CXX_FEATURE:1cxx_defaulted_move_initializers
    Feature record: CXX_FEATURE:1cxx_delegating_constructors
    Feature record: CXX_FEATURE:1cxx_deleted_functions
    Feature record: CXX_FEATURE:1cxx_digit_separators
    Feature record: CXX_FEATURE:1cxx_enum_forward_declarations
    Feature record: CXX_FEATURE:1cxx_explicit_conversions
    Feature record: CXX_FEATURE:1cxx_extended_friend_declarations
    Feature record: CXX_FEATURE:1cxx_extern_templates
    Feature record: CXX_FEATURE:1cxx_final
    Feature record: CXX_FEATURE:1cxx_func_identifier
    Feature record: CXX_FEATURE:1cxx_generalized_initializers
    Feature record: CXX_FEATURE:1cxx_generic_lambdas
    Feature record: CXX_FEATURE:1cxx_inheriting_constructors
    Feature record: CXX_FEATURE:1cxx_inline_namespaces
    Feature record: CXX_FEATURE:1cxx_lambdas
    Feature record: CXX_FEATURE:1cxx_lambda_init_captures
    Feature record: CXX_FEATURE:1cxx_local_type_template_args
    Feature record: CXX_FEATURE:1cxx_long_long_type
    Feature record: CXX_FEATURE:1cxx_noexcept
    Feature record: CXX_FEATURE:1cxx_nonstatic_member_init
    Feature record: CXX_FEATURE:1cxx_nullptr
    Feature record: CXX_FEATURE:1cxx_override
    Feature record: CXX_FEATURE:1cxx_range_for
    Feature record: CXX_FEATURE:1cxx_raw_string_literals
    Feature record: CXX_FEATURE:1cxx_reference_qualified_functions
    Feature record: CXX_FEATURE:1cxx_relaxed_constexpr
    Feature record: CXX_FEATURE:1cxx_return_type_deduction
    Feature record: CXX_FEATURE:1cxx_right_angle_brackets
    Feature record: CXX_FEATURE:1cxx_rvalue_references
    Feature record: CXX_FEATURE:1cxx_sizeof_member
    Feature record: CXX_FEATURE:1cxx_static_assert
    Feature record: CXX_FEATURE:1cxx_strong_enums
    Feature record: CXX_FEATURE:1cxx_template_template_parameters
    Feature record: CXX_FEATURE:1cxx_thread_local
    Feature record: CXX_FEATURE:1cxx_trailing_return_types
    Feature record: CXX_FEATURE:1cxx_unicode_literals
    Feature record: CXX_FEATURE:1cxx_uniform_initialization
    Feature record: CXX_FEATURE:1cxx_unrestricted_unions
    Feature record: CXX_FEATURE:1cxx_user_literals
    Feature record: CXX_FEATURE:1cxx_variable_templates
    Feature record: CXX_FEATURE:1cxx_variadic_macros
    Feature record: CXX_FEATURE:1cxx_variadic_templates


Detecting CXX [-std=c++11] compiler features compiled with the following output:
Change Dir: /home/student/hw-clfische/hw2/hw2-check/CMakeFiles/CMakeTmp

Run Build Command:"/usr/bin/make" "cmTC_8e885/fast"
/usr/bin/make -f CMakeFiles/cmTC_8e885.dir/build.make CMakeFiles/cmTC_8e885.dir/build
make[1]: Entering directory '/home/student/hw-clfische/hw2/hw2-check/CMakeFiles/CMakeTmp'
Building CXX object CMakeFiles/cmTC_8e885.dir/feature_tests.cxx.o
/usr/bin/c++     -std=c++11 -o CMakeFiles/cmTC_8e885.dir/feature_tests.cxx.o -c /home/student/hw-clfische/hw2/hw2-check/CMakeFiles/feature_tests.cxx
Linking CXX executable cmTC_8e885
/usr/bin/cmake -E cmake_link_script CMakeFiles/cmTC_8e885.dir/link.txt --verbose=1
/usr/bin/c++        CMakeFiles/cmTC_8e885.dir/feature_tests.cxx.o  -o cmTC_8e885 -rdynamic 
make[1]: Leaving directory '/home/student/hw-clfische/hw2/hw2-check/CMakeFiles/CMakeTmp'


    Feature record: CXX_FEATURE:0cxx_aggregate_default_initializers
    Feature record: CXX_FEATURE:1cxx_alias_templates
    Feature record: CXX_FEATURE:1cxx_alignas
    Feature record: CXX_FEATURE:1cxx_alignof
    Feature record: CXX_FEATURE:1cxx_attributes
    Feature record: CXX_FEATURE:0cxx_attribute_deprecated
    Feature record: CXX_FEATURE:1cxx_auto_type
    Feature record: CXX_FEATURE:0cxx_binary_literals
    Feature record: CXX_FEATURE:1cxx_constexpr
    Feature record: CXX_FEATURE:0cxx_contextual_conversions
    Feature record: CXX_FEATURE:1cxx_decltype
    Feature record: CXX_FEATURE:0cxx_decltype_auto
    Feature record: CXX_FEATURE:1cxx_decltype_incomplete_return_types
    Feature record: CXX_FEATURE:1cxx_default_function_template_args
    Feature record: CXX_FEATURE:1cxx_defaulted_functions
    Feature record: CXX_FEATURE:1cxx_defaulted_move_initializers
    Feature record: CXX_FEATURE:1cxx_delegating_constructors
    Feature record: CXX_FEATURE:1cxx_deleted_functions
    Feature record: CXX_FEATURE:0cxx_digit_separators
    Feature record: CXX_FEATURE:1cxx_enum_forward_declarations
    Feature record: CXX_FEATURE:1cxx_explicit_conversions
    Feature record: CXX_FEATURE:1cxx_extended_friend_declarations
    Feature record: CXX_FEATURE:1cxx_extern_templates
    Feature record: CXX_FEATURE:1cxx_final
    Feature record: CXX_FEATURE:1cxx_func_identifier
    Feature record: CXX_FEATURE:1cxx_generalized_initializers
    Feature record: CXX_FEATURE:0cxx_generic_lambdas
    Feature record: CXX_FEATURE:1cxx_inheriting_constructors
    Feature record: CXX_FEATURE:1cxx_inline_namespaces
    Feature record: CXX_FEATURE:1cxx_lambdas
    Feature record: CXX_FEATURE:0cxx_lambda_init_captures
    Feature record: CXX_FEATURE:1cxx_local_type_template_args
    Feature record: CXX_FEATURE:1cxx_long_long_type
    Feature record: CXX_FEATURE:1cxx_noexcept
    Feature record: CXX_FEATURE:1cxx_nonstatic_member_init
    Feature record: CXX_FEATURE:1cxx_nullptr
    Feature record: CXX_FEATURE:1cxx_override
    Feature record: CXX_FEATURE:1cxx_range_for
    Feature record: CXX_FEATURE:1cxx_raw_string_literals
    Feature record: CXX_FEATURE:1cxx_reference_qualified_functions
    Feature record: CXX_FEATURE:0cxx_relaxed_constexpr
    Feature record: CXX_FEATURE:0cxx_return_type_deduction
    Feature record: CXX_FEATURE:1cxx_right_angle_brackets
    Feature record: CXX_FEATURE:1cxx_rvalue_references
    Feature record: CXX_FEATURE:1cxx_sizeof_member
    Feature record: CXX_FEATURE:1cxx_static_assert
    Feature record: CXX_FEATURE:1cxx_strong_enums
    Feature record: CXX_FEATURE:1cxx_template_template_parameters
    Feature record: CXX_FEATURE:1cxx_thread_local
    Feature record: CXX_FEATURE:1cxx_trailing_return_types
    Feature record: CXX_FEATURE:1cxx_unicode_literals
    Feature record: CXX_FEATURE:1cxx_uniform_initialization
    Feature record: CXX_FEATURE:1cxx_unrestricted_unions
    Feature record: CXX_FEATURE:1cxx_user_literals
    Feature record: CXX_FEATURE:0cxx_variable_templates
    Feature record: CXX_FEATURE:1cxx_variadic_macros
    Feature record: CXX_FEATURE:1cxx_variadic_templates


Detecting CXX [-std=c++98] compiler features compiled with the following output:
Change Dir: /home/student/hw-clfische/hw2/hw2-check/CMakeFiles/CMakeTmp

Run Build Command:"/usr/bin/make" "cmTC_86969/fast"
/usr/bin/make -f CMakeFiles/cmTC_86969.dir/build.make CMakeFiles/cmTC_86969.dir/build
make[1]: Entering directory '/home/student/hw-clfische/hw2/hw2-check/CMakeFiles/CMakeTmp'
Building CXX object CMakeFiles/cmTC_86969.dir/feature_tests.cxx.o
/usr/bin/c++     -std=c++98 -o CMakeFiles/cmTC_86969.dir/feature_tests.cxx.o -c /home/student/hw-clfische/hw2/hw2-check/CMakeFiles/feature_tests.cxx
Linking CXX executable cmTC_86969
/usr/bin/cmake -E cmake_link_script CMakeFiles/cmTC_86969.dir/link.txt --verbose=1
/usr/bin/c++        CMakeFiles/cmTC_86969.dir/feature_tests.cxx.o  -o cmTC_86969 -rdynamic 
make[1]: Leaving directory '/home/student/hw-clfische/hw2/hw2-check/CMakeFiles/CMakeTmp'


    Feature record: CXX_FEATURE:0cxx_aggregate_default_initializers
    Feature record: CXX_FEATURE:0cxx_alias_templates
    Feature record: CXX_FEATURE:0cxx_alignas
    Feature record: CXX_FEATURE:0cxx_alignof
    Feature record: CXX_FEATURE:0cxx_attributes
    Feature record: CXX_FEATURE:0cxx_attribute_deprecated
    Feature record: CXX_FEATURE:0cxx_auto_type
    Feature record: CXX_FEATURE:0cxx_binary_literals
    Feature record: CXX_FEATURE:0cxx_constexpr
    Feature record: CXX_FEATURE:0cxx_contextual_conversions
    Feature record: CXX_FEATURE:0cxx_decltype
    Feature record: CXX_FEATURE:0cxx_decltype_auto
    Feature record: CXX_FEATURE:0cxx_decltype_incomplete_return_types
    Feature record: CXX_FEATURE:0cxx_default_function_template_args
    Feature record: CXX_FEATURE:0cxx_defaulted_functions
    Feature record: CXX_FEATURE:0cxx_defaulted_move_initializers
    Feature record: CXX_FEATURE:0cxx_delegating_constructors
    Feature record: CXX_FEATURE:0cxx_deleted_functions
    Feature record: CXX_FEATURE:0cxx_digit_separators
    Feature record: CXX_FEATURE:0cxx_enum_forward_declarations
    Feature record: CXX_FEATURE:0cxx_explicit_conversions
    Feature record: CXX_FEATURE:0cxx_extended_friend_declarations
    Feature record: CXX_FEATURE:0cxx_extern_templates
    Feature record: CXX_FEATURE:0cxx_final
    Feature record: CXX_FEATURE:0cxx_func_identifier
    Feature record: CXX_FEATURE:0cxx_generalized_initializers
    Feature record: CXX_FEATURE:0cxx_generic_lambdas
    Feature record: CXX_FEATURE:0cxx_inheriting_constructors
    Feature record: CXX_FEATURE:0cxx_inline_namespaces
    Feature record: CXX_FEATURE:0cxx_lambdas
    Feature record: CXX_FEATURE:0cxx_lambda_init_captures
    Feature record: CXX_FEATURE:0cxx_local_type_template_args
    Feature record: CXX_FEATURE:0cxx_long_long_type
    Feature record: CXX_FEATURE:0cxx_noexcept
    Feature record: CXX_FEATURE:0cxx_nonstatic_member_init
    Feature record: CXX_FEATURE:0cxx_nullptr
    Feature record: CXX_FEATURE:0cxx_override
    Feature record: CXX_FEATURE:0cxx_range_for
    Feature record: CXX_FEATURE:0cxx_raw_string_literals
    Feature record: CXX_FEATURE:0cxx_reference_qualified_functions
    Feature record: CXX_FEATURE:0cxx_relaxed_constexpr
    Feature record: CXX_FEATURE:0cxx_return_type_deduction
    Feature record: CXX_FEATURE:0cxx_right_angle_brackets
    Feature record: CXX_FEATURE:0cxx_rvalue_references
    Feature record: CXX_FEATURE:0cxx_sizeof_member
    Feature record: CXX_FEATURE:0cxx_static_assert
    Feature record: CXX_FEATURE:0cxx_strong_enums
    Feature record: CXX_FEATURE:1cxx_template_template_parameters
    Feature record: CXX_FEATURE:0cxx_thread_local
    Feature record: CXX_FEATURE:0cxx_trailing_return_types
    Feature record: CXX_FEATURE:0cxx_unicode_literals
    Feature record: CXX_FEATURE:0cxx_uniform_initialization
    Feature record: CXX_FEATURE:0cxx_unrestricted_unions
    Feature record: CXX_FEATURE:0cxx_user_literals
    Feature record: CXX_FEATURE:0cxx_variable_templates
    Feature record: CXX_FEATURE:0cxx_variadic_macros
    Feature record: CXX_FEATURE:0cxx_variadic_templates
Determining if the include file pthread.h exists passed with the following output:
Change Dir: /home/student/hw-clfische/hw2/hw2-check/CMakeFiles/CMakeTmp

Run Build Command:"/usr/bin/make" "cmTC_cbb5c/fast"
/usr/bin/make -f CMakeFiles/cmTC_cbb5c.dir/build.make CMakeFiles/cmTC_cbb5c.dir/build
make[1]: Entering directory '/home/student/hw-clfische/hw2/hw2-check/CMakeFiles/CMakeTmp'
Building C object CMakeFiles/cmTC_cbb5c.dir/CheckIncludeFile.c.o
/usr/bin/cc     -o CMakeFiles/cmTC_cbb5c.dir/CheckIncludeFile.c.o   -c /home/student/hw-clfische/hw2/hw2-check/CMakeFiles/CMakeTmp/CheckIncludeFile.c
Linking C executable cmTC_cbb5c
/usr/bin/cmake -E cmake_link_script CMakeFiles/cmTC_cbb5c.dir/link.txt --verbose=1
/usr/bin/cc       CMakeFiles/cmTC_cbb5c.dir/CheckIncludeFile.c.o  -o cmTC_cbb5c 
make[1]: Leaving directory '/home/student/hw-clfische/hw2/hw2-check/CMakeFiles/CMakeTmp'


Determining if the function pthread_create exists in the pthread passed with the following output:
Change Dir: /home/student/hw-clfische/hw2/hw2-check/CMakeFiles/CMakeTmp

Run Build Command:"/usr/bin/make" "cmTC_cbe5f/fast"
/usr/bin/make -f CMakeFiles/cmTC_cbe5f.dir/build.make CMakeFiles/cmTC_cbe5f.dir/build
make[1]: Entering directory '/home/student/hw-clfische/hw2/hw2-check/CMakeFiles/CMakeTmp'
Building C object CMakeFiles/cmTC_cbe5f.dir/CheckFunctionExists.c.o
/usr/bin/cc    -DCHECK_FUNCTION_EXISTS=pthread_create   -o CMakeFiles/cmTC_cbe5f.dir/CheckFunctionExists.c.o   -c /usr/share/cmake-3.5/Modules/CheckFunctionExists.c
Linking C executable cmTC_cbe5f
/usr/bin/cmake -E cmake_link_script CMakeFiles/cmTC_cbe5f.dir/link.txt --verbose=1
/usr/bin/cc   -DCHECK_FUNCTION_EXISTS=pthread_create    CMakeFiles/cmTC_cbe5f.dir/CheckFunctionExists.c.o  -o cmTC_cbe5f -lpthread 
make[1]: Leaving directory '/home/student/hw-clfische/hw2/hw2-check/CMakeFiles/CMakeTmp'


Checking whether header cstdio is available compiled with the following output:
Change Dir: /home/student/hw-clfische/hw2/hw2-check/testing_utils/kwsys/CMakeFiles/CMakeTmp

Run Build Command:"/usr/bin/make" "cmTC_81372/fast"
/usr/bin/make -f CMakeFiles/cmTC_81372.dir/build.make CMakeFiles/cmTC_81372.dir/build
make[1]: Entering directory '/home/student/hw-clfische/hw2/hw2-check/testing_utils/kwsys/CMakeFiles/CMakeTmp'
Building CXX object CMakeFiles/cmTC_81372.dir/kwsysPlatformTestsCXX.cxx.o
/usr/bin/c++   -DTEST_KWSYS_CXX_HAS_CSTDIO  -Wall    -o CMakeFiles/cmTC_81372.dir/kwsysPlatformTestsCXX.cxx.o -c /home/student/hw-clfische/hw2/hw2-check/testing_utils/kwsys/kwsysPlatformTestsCXX.cxx
Linking CXX executable cmTC_81372
/usr/bin/cmake -E cmake_link_script CMakeFiles/cmTC_81372.dir/link.txt --verbose=1
/usr/bin/c++    -Wall     CMakeFiles/cmTC_81372.dir/kwsysPlatformTestsCXX.cxx.o  -o cmTC_81372 -rdynamic 
make[1]: Leaving directory '/home/student/hw-clfische/hw2/hw2-check/testing_utils/kwsys/CMakeFiles/CMakeTmp'


Checking for Large File Support compiled and ran with the following output:
Change Dir: /home/student/hw-clfische/hw2/hw2-check/testing_utils/kwsys/CMakeFiles/CMakeTmp

Run Build Command:"/usr/bin/make" "cmTC_d35d4/fast"
/usr/bin/make -f CMakeFiles/cmTC_d35d4.dir/build.make CMakeFiles/cmTC_d35d4.dir/build
make[1]: Entering directory '/home/student/hw-clfische/hw2/hw2-check/testing_utils/kwsys/CMakeFiles/CMakeTmp'
Building CXX object CMakeFiles/cmTC_d35d4.dir/kwsysPlatformTestsCXX.cxx.o
/usr/bin/c++   -DKWSYS_CXX_HAS_CSTDIO=1 -DTEST_KWSYS_LFS_WORKS  -Wall    -o CMakeFiles/cmTC_d35d4.dir/kwsysPlatformTestsCXX.cxx.o -c /home/student/hw-clfische/hw2/hw2-check/testing_utils/kwsys/kwsysPlatformTestsCXX.cxx
Linking CXX executable cmTC_d35d4
/usr/bin/cmake -E cmake_link_script CMakeFiles/cmTC_d35d4.dir/link.txt --verbose=1
/usr/bin/c++    -Wall     CMakeFiles/cmTC_d35d4.dir/kwsysPlatformTestsCXX.cxx.o  -o cmTC_d35d4 -rdynamic 
make[1]: Leaving directory '/home/student/hw-clfische/hw2/hw2-check/testing_utils/kwsys/CMakeFiles/CMakeTmp'


Checking whether C++ compiler has 'long long' compiled with the following output:
Change Dir: /home/student/hw-clfische/hw2/hw2-check/testing_utils/kwsys/CMakeFiles/CMakeTmp

Run Build Command:"/usr/bin/make" "cmTC_9dfda/fast"
/usr/bin/make -f CMakeFiles/cmTC_9dfda.dir/build.make CMakeFiles/cmTC_9dfda.dir/build
make[1]: Entering directory '/home/student/hw-clfische/hw2/hw2-check/testing_utils/kwsys/CMakeFiles/CMakeTmp'
Building CXX object CMakeFiles/cmTC_9dfda.dir/kwsysPlatformTestsCXX.cxx.o
/usr/bin/c++   -DTEST_KWSYS_CXX_HAS_LONG_LONG  -Wall    -o CMakeFiles/cmTC_9dfda.dir/kwsysPlatformTestsCXX.cxx.o -c /home/student/hw-clfische/hw2/hw2-check/testing_utils/kwsys/kwsysPlatformTestsCXX.cxx
Linking CXX executable cmTC_9dfda
/usr/bin/cmake -E cmake_link_script CMakeFiles/cmTC_9dfda.dir/link.txt --verbose=1
/usr/bin/c++    -Wall     CMakeFiles/cmTC_9dfda.dir/kwsysPlatformTestsCXX.cxx.o  -o cmTC_9dfda -rdynamic 
make[1]: Leaving directory '/home/student/hw-clfische/hw2/hw2-check/testing_utils/kwsys/CMakeFiles/CMakeTmp'


Checking whether wstring is available compiled with the following output:
Change Dir: /home/student/hw-clfische/hw2/hw2-check/testing_utils/kwsys/CMakeFiles/CMakeTmp

Run Build Command:"/usr/bin/make" "cmTC_c1d12/fast"
/usr/bin/make -f CMakeFiles/cmTC_c1d12.dir/build.make CMakeFiles/cmTC_c1d12.dir/build
make[1]: Entering directory '/home/student/hw-clfische/hw2/hw2-check/testing_utils/kwsys/CMakeFiles/CMakeTmp'
Building CXX object CMakeFiles/cmTC_c1d12.dir/kwsysPlatformTestsCXX.cxx.o
/usr/bin/c++   -DTEST_KWSYS_STL_HAS_WSTRING  -Wall    -o CMakeFiles/cmTC_c1d12.dir/kwsysPlatformTestsCXX.cxx.o -c /home/student/hw-clfische/hw2/hw2-check/testing_utils/kwsys/kwsysPlatformTestsCXX.cxx
Linking CXX executable cmTC_c1d12
/usr/bin/cmake -E cmake_link_script CMakeFiles/cmTC_c1d12.dir/link.txt --verbose=1
/usr/bin/c++    -Wall     CMakeFiles/cmTC_c1d12.dir/kwsysPlatformTestsCXX.cxx.o  -o cmTC_c1d12 -rdynamic 
make[1]: Leaving directory '/home/student/hw-clfische/hw2/hw2-check/testing_utils/kwsys/CMakeFiles/CMakeTmp'


Checking whether C compiler has ptrdiff_t in stddef.h compiled with the following output:
Change Dir: /home/student/hw-clfische/hw2/hw2-check/testing_utils/kwsys/CMakeFiles/CMakeTmp

Run Build Command:"/usr/bin/make" "cmTC_e3aab/fast"
/usr/bin/make -f CMakeFiles/cmTC_e3aab.dir/build.make CMakeFiles/cmTC_e3aab.dir/build
make[1]: Entering directory '/home/student/hw-clfische/hw2/hw2-check/testing_utils/kwsys/CMakeFiles/CMakeTmp'
Building C object CMakeFiles/cmTC_e3aab.dir/kwsysPlatformTestsC.c.o
/usr/bin/cc  -DTEST_KWSYS_C_HAS_PTRDIFF_T   -o CMakeFiles/cmTC_e3aab.dir/kwsysPlatformTestsC.c.o   -c /home/student/hw-clfische/hw2/hw2-check/testing_utils/kwsys/kwsysPlatformTestsC.c
Linking C executable cmTC_e3aab
/usr/bin/cmake -E cmake_link_script CMakeFiles/cmTC_e3aab.dir/link.txt --verbose=1
/usr/bin/cc       CMakeFiles/cmTC_e3aab.dir/kwsysPlatformTestsC.c.o  -o cmTC_e3aab -rdynamic 
make[1]: Leaving directory '/home/student/hw-clfische/hw2/hw2-check/testing_utils/kwsys/CMakeFiles/CMakeTmp'


Checking whether C compiler has ssize_t in unistd.h compiled with the following output:
Change Dir: /home/student/hw-clfische/hw2/hw2-check/testing_utils/kwsys/CMakeFiles/CMakeTmp

Run Build Command:"/usr/bin/make" "cmTC_cdac3/fast"
/usr/bin/make -f CMakeFiles/cmTC_cdac3.dir/build.make CMakeFiles/cmTC_cdac3.dir/build
make[1]: Entering directory '/home/student/hw-clfische/hw2/hw2-check/testing_utils/kwsys/CMakeFiles/CMakeTmp'
Building C object CMakeFiles/cmTC_cdac3.dir/kwsysPlatformTestsC.c.o
/usr/bin/cc  -DTEST_KWSYS_C_HAS_SSIZE_T   -o CMakeFiles/cmTC_cdac3.dir/kwsysPlatformTestsC.c.o   -c /home/student/hw-clfische/hw2/hw2-check/testing_utils/kwsys/kwsysPlatformTestsC.c
Linking C executable cmTC_cdac3
/usr/bin/cmake -E cmake_link_script CMakeFiles/cmTC_cdac3.dir/link.txt --verbose=1
/usr/bin/cc       CMakeFiles/cmTC_cdac3.dir/kwsysPlatformTestsC.c.o  -o cmTC_cdac3 -rdynamic 
make[1]: Leaving directory '/home/student/hw-clfische/hw2/hw2-check/testing_utils/kwsys/CMakeFiles/CMakeTmp'


Checking whether C compiler has clock_gettime compiled with the following output:
Change Dir: /home/student/hw-clfische/hw2/hw2-check/testing_utils/kwsys/CMakeFiles/CMakeTmp

Run Build Command:"/usr/bin/make" "cmTC_189c1/fast"
/usr/bin/make -f CMakeFiles/cmTC_189c1.dir/build.make CMakeFiles/cmTC_189c1.dir/build
make[1]: Entering directory '/home/student/hw-clfische/hw2/hw2-check/testing_utils/kwsys/CMakeFiles/CMakeTmp'
Building C object CMakeFiles/cmTC_189c1.dir/kwsysPlatformTestsC.c.o
/usr/bin/cc  -DTEST_KWSYS_C_HAS_CLOCK_GETTIME_MONOTONIC   -o CMakeFiles/cmTC_189c1.dir/kwsysPlatformTestsC.c.o   -c /home/student/hw-clfische/hw2/hw2-check/testing_utils/kwsys/kwsysPlatformTestsC.c
Linking C executable cmTC_189c1
/usr/bin/cmake -E cmake_link_script CMakeFiles/cmTC_189c1.dir/link.txt --verbose=1
/usr/bin/cc       CMakeFiles/cmTC_189c1.dir/kwsysPlatformTestsC.c.o  -o cmTC_189c1 -rdynamic 
make[1]: Leaving directory '/home/student/hw-clfische/hw2/hw2-check/testing_utils/kwsys/CMakeFiles/CMakeTmp'


Checking whether CXX compiler has setenv compiled with the following output:
Change Dir: /home/student/hw-clfische/hw2/hw2-check/testing_utils/kwsys/CMakeFiles/CMakeTmp

Run Build Command:"/usr/bin/make" "cmTC_1be48/fast"
/usr/bin/make -f CMakeFiles/cmTC_1be48.dir/build.make CMakeFiles/cmTC_1be48.dir/build
make[1]: Entering directory '/home/student/hw-clfische/hw2/hw2-check/testing_utils/kwsys/CMakeFiles/CMakeTmp'
Building CXX object CMakeFiles/cmTC_1be48.dir/kwsysPlatformTestsCXX.cxx.o
/usr/bin/c++   -DTEST_KWSYS_CXX_HAS_SETENV  -Wall    -o CMakeFiles/cmTC_1be48.dir/kwsysPlatformTestsCXX.cxx.o -c /home/student/hw-clfische/hw2/hw2-check/testing_utils/kwsys/kwsysPlatformTestsCXX.cxx
Linking CXX executable cmTC_1be48
/usr/bin/cmake -E cmake_link_script CMakeFiles/cmTC_1be48.dir/link.txt --verbose=1
/usr/bin/c++    -Wall     CMakeFiles/cmTC_1be48.dir/kwsysPlatformTestsCXX.cxx.o  -o cmTC_1be48 -rdynamic 
make[1]: Leaving directory '/home/student/hw-clfische/hw2/hw2-check/testing_utils/kwsys/CMakeFiles/CMakeTmp'


Checking whether CXX compiler has unsetenv compiled with the following output:
Change Dir: /home/student/hw-clfische/hw2/hw2-check/testing_utils/kwsys/CMakeFiles/CMakeTmp

Run Build Command:"/usr/bin/make" "cmTC_cfdcb/fast"
/usr/bin/make -f CMakeFiles/cmTC_cfdcb.dir/build.make CMakeFiles/cmTC_cfdcb.dir/build
make[1]: Entering directory '/home/student/hw-clfische/hw2/hw2-check/testing_utils/kwsys/CMakeFiles/CMakeTmp'
Building CXX object CMakeFiles/cmTC_cfdcb.dir/kwsysPlatformTestsCXX.cxx.o
/usr/bin/c++   -DTEST_KWSYS_CXX_HAS_UNSETENV  -Wall    -o CMakeFiles/cmTC_cfdcb.dir/kwsysPlatformTestsCXX.cxx.o -c /home/student/hw-clfische/hw2/hw2-check/testing_utils/kwsys/kwsysPlatformTestsCXX.cxx
Linking CXX executable cmTC_cfdcb
/usr/bin/cmake -E cmake_link_script CMakeFiles/cmTC_cfdcb.dir/link.txt --verbose=1
/usr/bin/c++    -Wall     CMakeFiles/cmTC_cfdcb.dir/kwsysPlatformTestsCXX.cxx.o  -o cmTC_cfdcb -rdynamic 
make[1]: Leaving directory '/home/student/hw-clfische/hw2/hw2-check/testing_utils/kwsys/CMakeFiles/CMakeTmp'


Checking whether CXX compiler has utimes compiled with the following output:
Change Dir: /home/student/hw-clfische/hw2/hw2-check/testing_utils/kwsys/CMakeFiles/CMakeTmp

Run Build Command:"/usr/bin/make" "cmTC_1a105/fast"
/usr/bin/make -f CMakeFiles/cmTC_1a105.dir/build.make CMakeFiles/cmTC_1a105.dir/build
make[1]: Entering directory '/home/student/hw-clfische/hw2/hw2-check/testing_utils/kwsys/CMakeFiles/CMakeTmp'
Building CXX object CMakeFiles/cmTC_1a105.dir/kwsysPlatformTestsCXX.cxx.o
/usr/bin/c++   -DTEST_KWSYS_CXX_HAS_UTIMES  -Wall    -o CMakeFiles/cmTC_1a105.dir/kwsysPlatformTestsCXX.cxx.o -c /home/student/hw-clfische/hw2/hw2-check/testing_utils/kwsys/kwsysPlatformTestsCXX.cxx
Linking CXX executable cmTC_1a105
/usr/bin/cmake -E cmake_link_script CMakeFiles/cmTC_1a105.dir/link.txt --verbose=1
/usr/bin/c++    -Wall     CMakeFiles/cmTC_1a105.dir/kwsysPlatformTestsCXX.cxx.o  -o cmTC_1a105 -rdynamic 
make[1]: Leaving directory '/home/student/hw-clfische/hw2/hw2-check/testing_utils/kwsys/CMakeFiles/CMakeTmp'


Checking whether CXX compiler has utimensat compiled with the following output:
Change Dir: /home/student/hw-clfische/hw2/hw2-check/testing_utils/kwsys/CMakeFiles/CMakeTmp

Run Build Command:"/usr/bin/make" "cmTC_ff93e/fast"
/usr/bin/make -f CMakeFiles/cmTC_ff93e.dir/build.make CMakeFiles/cmTC_ff93e.dir/build
make[1]: Entering directory '/home/student/hw-clfische/hw2/hw2-check/testing_utils/kwsys/CMakeFiles/CMakeTmp'
Building CXX object CMakeFiles/cmTC_ff93e.dir/kwsysPlatformTestsCXX.cxx.o
/usr/bin/c++   -DTEST_KWSYS_CXX_HAS_UTIMENSAT  -Wall    -o CMakeFiles/cmTC_ff93e.dir/kwsysPlatformTestsCXX.cxx.o -c /home/student/hw-clfische/hw2/hw2-check/testing_utils/kwsys/kwsysPlatformTestsCXX.cxx
Linking CXX executable cmTC_ff93e
/usr/bin/cmake -E cmake_link_script CMakeFiles/cmTC_ff93e.dir/link.txt --verbose=1
/usr/bin/c++    -Wall     CMakeFiles/cmTC_ff93e.dir/kwsysPlatformTestsCXX.cxx.o  -o cmTC_ff93e -rdynamic 
make[1]: Leaving directory '/home/student/hw-clfische/hw2/hw2-check/testing_utils/kwsys/CMakeFiles/CMakeTmp'


Checking whether CXX compiler struct stat has st_mtim member compiled with the following output:
Change Dir: /home/student/hw-clfische/hw2/hw2-check/testing_utils/kwsys/CMakeFiles/CMakeTmp

Run Build Command:"/usr/bin/make" "cmTC_5f65a/fast"
/usr/bin/make -f CMakeFiles/cmTC_5f65a.dir/build.make CMakeFiles/cmTC_5f65a.dir/build
make[1]: Entering directory '/home/student/hw-clfische/hw2/hw2-check/testing_utils/kwsys/CMakeFiles/CMakeTmp'
Building CXX object CMakeFiles/cmTC_5f65a.dir/kwsysPlatformTestsCXX.cxx.o
/usr/bin/c++   -DTEST_KWSYS_CXX_STAT_HAS_ST_MTIM  -Wall    -o CMakeFiles/cmTC_5f65a.dir/kwsysPlatformTestsCXX.cxx.o -c /home/student/hw-clfische/hw2/hw2-check/testing_utils/kwsys/kwsysPlatformTestsCXX.cxx
Linking CXX executable cmTC_5f65a
/usr/bin/cmake -E cmake_link_script CMakeFiles/cmTC_5f65a.dir/link.txt --verbose=1
/usr/bin/c++    -Wall     CMakeFiles/cmTC_5f65a.dir/kwsysPlatformTestsCXX.cxx.o  -o cmTC_5f65a -rdynamic 
make[1]: Leaving directory '/home/student/hw-clfische/hw2/hw2-check/testing_utils/kwsys/CMakeFiles/CMakeTmp'


Checking whether <ext/stdio_filebuf.h> is available compiled with the following output:
Change Dir: /home/student/hw-clfische/hw2/hw2-check/testing_utils/kwsys/CMakeFiles/CMakeTmp

Run Build Command:"/usr/bin/make" "cmTC_6e6a9/fast"
/usr/bin/make -f CMakeFiles/cmTC_6e6a9.dir/build.make CMakeFiles/cmTC_6e6a9.dir/build
make[1]: Entering directory '/home/student/hw-clfische/hw2/hw2-check/testing_utils/kwsys/CMakeFiles/CMakeTmp'
Building CXX object CMakeFiles/cmTC_6e6a9.dir/kwsysPlatformTestsCXX.cxx.o
/usr/bin/c++   -DTEST_KWSYS_CXX_HAS_EXT_STDIO_FILEBUF_H  -Wall    -o CMakeFiles/cmTC_6e6a9.dir/kwsysPlatformTestsCXX.cxx.o -c /home/student/hw-clfische/hw2/hw2-check/testing_utils/kwsys/kwsysPlatformTestsCXX.cxx
Linking CXX executable cmTC_6e6a9
/usr/bin/cmake -E cmake_link_script CMakeFiles/cmTC_6e6a9.dir/link.txt --verbose=1
/usr/bin/c++    -Wall     CMakeFiles/cmTC_6e6a9.dir/kwsysPlatformTestsCXX.cxx.o  -o cmTC_6e6a9 -rdynamic 
make[1]: Leaving directory '/home/student/hw-clfische/hw2/hw2-check/testing_utils/kwsys/CMakeFiles/CMakeTmp'


